<?xml version="1.0" encoding="UTF-8"?>
<!-- Generated by org.testng.reporters.JUnitReportReporter -->
<testsuite hostname="tulasiramg" name="mypackage.MyGoogleTest" tests="1" failures="0" timestamp="10 Sep 2014 22:42:10 GMT" time="8.492" errors="0">
  <testcase name="test" time="8.492" classname="mypackage.MyGoogleTest"/>
</testsuite> <!-- mypackage.MyGoogleTest -->
